<?xml version="1.0" encoding="UTF-8"?>
<!-- Generated by org.testng.reporters.JUnitXMLReporter -->
<testsuite hostname="dsubhrajyoti" ignored="0" name="AIRTELX" tests="1" failures="1" timestamp="04 Jul 2020 15:16:24 GMT" time="0.105" errors="0">
  <testcase name="verifyUseCaseOne" time="0.056" classname="com.qa.test.TestScript.MyStoreTest">
    <failure type="java.lang.NullPointerException">
      <![CDATA[java.lang.NullPointerException
at org.openqa.selenium.support.pagefactory.DefaultElementLocator.findElements(DefaultElementLocator.java:85)
at org.openqa.selenium.support.pagefactory.internal.LocatingElementListHandler.invoke(LocatingElementListHandler.java:36)
at com.sun.proxy.$Proxy11.size(Unknown Source)
at com.qa.test.pages.MyStorePage.verifyLowestValueProductSuccessFullyAdded(MyStorePage.java:175)
at com.qa.test.TestScript.MyStoreTest.verifyUseCaseOne(MyStoreTest.java:29)
at java.util.concurrent.ThreadPoolExecutor.runWorker(ThreadPoolExecutor.java:1149)
at java.util.concurrent.ThreadPoolExecutor$Worker.run(ThreadPoolExecutor.java:624)
at java.lang.Thread.run(Thread.java:748)
... Removed 10 stack frames]]>
    </failure>
  </testcase> <!-- verifyUseCaseOne -->
</testsuite> <!-- AIRTELX -->
